# Logfile created on 2014-01-25 09:27:58 +0200 by logger.rb/41954
I, [2014-01-25T09:27:58.879880 #2903]  INFO -- : 0:  sass (3.2.12) from /Users/Prasanna/.rvm/gems/ruby-2.0.0-p353/specifications/sass-3.2.12.gemspec
I, [2014-01-25T09:28:04.123845 #2903]  INFO -- : 0:  bootstrap-sass (3.0.2.1) from /Users/Prasanna/.rvm/gems/ruby-2.0.0-p353/specifications/bootstrap-sass-3.0.2.1.gemspec
I, [2014-01-25T09:28:15.861759 #2903]  INFO -- : 0:  chunky_png (1.2.9) from /Users/Prasanna/.rvm/gems/ruby-2.0.0-p353/specifications/chunky_png-1.2.9.gemspec
I, [2014-01-25T09:28:15.862237 #2903]  INFO -- : 0:  fast-stemmer (1.0.2) from /Users/Prasanna/.rvm/gems/ruby-2.0.0-p353/specifications/fast-stemmer-1.0.2.gemspec
I, [2014-01-25T09:28:19.503756 #2903]  INFO -- : 0:  classifier (1.3.3) from /Users/Prasanna/.rvm/gems/ruby-2.0.0-p353/specifications/classifier-1.3.3.gemspec
I, [2014-01-25T09:28:19.504112 #2903]  INFO -- : 0:  colorator (0.1) from /Users/Prasanna/.rvm/gems/ruby-2.0.0-p353/specifications/colorator-0.1.gemspec
I, [2014-01-25T09:28:26.101261 #2903]  INFO -- : 0:  highline (1.6.20) from /Users/Prasanna/.rvm/gems/ruby-2.0.0-p353/specifications/highline-1.6.20.gemspec
I, [2014-01-25T09:28:26.101677 #2903]  INFO -- : 0:  commander (4.1.5) from /Users/Prasanna/.rvm/gems/ruby-2.0.0-p353/specifications/commander-4.1.5.gemspec
I, [2014-01-25T09:28:29.379180 #2903]  INFO -- : 0:  fssm (0.2.10) from /Users/Prasanna/.rvm/gems/ruby-2.0.0-p353/specifications/fssm-0.2.10.gemspec
I, [2014-01-25T09:28:47.763073 #2903]  INFO -- : 0:  compass (0.12.2) from /Users/Prasanna/.rvm/gems/ruby-2.0.0-p353/specifications/compass-0.12.2.gemspec
I, [2014-01-25T09:28:47.763685 #2903]  INFO -- : 0:  ffi (1.9.3) from /Users/Prasanna/.rvm/gems/ruby-2.0.0-p353/specifications/ffi-1.9.3.gemspec
I, [2014-01-25T09:28:53.081509 #2903]  INFO -- : 0:  liquid (2.5.4) from /Users/Prasanna/.rvm/gems/ruby-2.0.0-p353/specifications/liquid-2.5.4.gemspec
I, [2014-01-25T09:28:56.784418 #2903]  INFO -- : 0:  rb-fsevent (0.9.3) from /Users/Prasanna/.rvm/gems/ruby-2.0.0-p353/specifications/rb-fsevent-0.9.3.gemspec
I, [2014-01-25T09:29:02.100966 #2903]  INFO -- : 0:  rb-inotify (0.9.2) from /Users/Prasanna/.rvm/gems/ruby-2.0.0-p353/specifications/rb-inotify-0.9.2.gemspec
I, [2014-01-25T09:29:02.101325 #2903]  INFO -- : 0:  rb-kqueue (0.2.0) from /Users/Prasanna/.rvm/gems/ruby-2.0.0-p353/specifications/rb-kqueue-0.2.0.gemspec
I, [2014-01-25T09:29:02.101597 #2903]  INFO -- : 0:  listen (1.3.1) from /Users/Prasanna/.rvm/gems/ruby-2.0.0-p353/specifications/listen-1.3.1.gemspec
I, [2014-01-25T09:29:05.130008 #2903]  INFO -- : 0:  syntax (1.0.0) from /Users/Prasanna/.rvm/gems/ruby-2.0.0-p353/specifications/syntax-1.0.0.gemspec
I, [2014-01-25T09:29:10.266297 #2903]  INFO -- : 0:  maruku (0.6.1) from /Users/Prasanna/.rvm/gems/ruby-2.0.0-p353/specifications/maruku-0.6.1.gemspec
I, [2014-01-25T09:29:13.713192 #2903]  INFO -- : 0:  posix-spawn (0.3.6) from /Users/Prasanna/.rvm/gems/ruby-2.0.0-p353/specifications/posix-spawn-0.3.6.gemspec
I, [2014-01-25T09:29:13.713776 #2903]  INFO -- : 0:  yajl-ruby (1.1.0) from /Users/Prasanna/.rvm/gems/ruby-2.0.0-p353/specifications/yajl-ruby-1.1.0.gemspec
I, [2014-01-25T09:29:13.714084 #2903]  INFO -- : 0:  pygments.rb (0.5.4) from /Users/Prasanna/.rvm/gems/ruby-2.0.0-p353/specifications/pygments.rb-0.5.4.gemspec
I, [2014-01-25T09:29:13.714368 #2903]  INFO -- : 0:  redcarpet (2.3.0) from /Users/Prasanna/.rvm/gems/ruby-2.0.0-p353/specifications/redcarpet-2.3.0.gemspec
I, [2014-01-25T09:29:13.714632 #2903]  INFO -- : 0:  safe_yaml (0.9.7) from /Users/Prasanna/.rvm/gems/ruby-2.0.0-p353/specifications/safe_yaml-0.9.7.gemspec
I, [2014-01-25T09:29:20.650963 #2903]  INFO -- : 0:  jekyll (1.3.1) from /Users/Prasanna/.rvm/gems/ruby-2.0.0-p353/specifications/jekyll-1.3.1.gemspec
I, [2014-01-25T09:29:20.651332 #2903]  INFO -- : 0:  bundler (1.5.1) from /Users/Prasanna/.rvm/gems/ruby-2.0.0-p353/specifications/bundler-1.5.1.gemspec
